<?xml version="1.0" encoding="UTF-8"?>
<!-- Generated by org.testng.reporters.JUnitReportReporter -->
<testsuite skipped="0" hostname="LAPTOP-0Q2TE7VI" name="com.qa.testcases.TextBoxTestCases" tests="1" failures="0" timestamp="01 Feb 2023 02:21:58 GMT" time="39.237" errors="0">
  <testcase name="verifySubmittedData" time="39.237" classname="com.qa.testcases.TextBoxTestCases"/>
</testsuite> <!-- com.qa.testcases.TextBoxTestCases -->
