<?xml version="1.0" encoding="UTF-8"?>
<!-- Generated by org.testng.reporters.JUnitReportReporter -->
<testsuite skipped="0" hostname="LAPTOP-0Q2TE7VI" name="com.qa.testcases.Test1wynisco" tests="1" failures="0" timestamp="02 Feb 2023 18:05:01 GMT" time="27.774" errors="0">
  <testcase name="setup" time="27.774" classname="com.qa.testcases.Test1wynisco"/>
</testsuite> <!-- com.qa.testcases.Test1wynisco -->
