<?xml version="1.0" encoding="UTF-8"?>
<!-- Generated by org.testng.reporters.JUnitReportReporter -->
<testsuite skipped="0" hostname="LAPTOP-0Q2TE7VI" name="com.qa.testcases.Testtillapply" tests="1" failures="0" timestamp="31 Jan 2023 18:08:56 GMT" time="33.390" errors="0">
  <testcase name="verifySubmittedData" time="33.390" classname="com.qa.testcases.Testtillapply"/>
</testsuite> <!-- com.qa.testcases.Testtillapply -->
